{"C:\\Users\\dpereira\\Documents\\github\\core\\core\\packages\\core\\src\\cause.ts": {"path":"C:\\Users\\dpereira\\Documents\\github\\core\\core\\packages\\core\\src\\cause.ts","all":false,"statementMap":{"0":{"start":{"line":1,"column":0},"end":{"line":1,"column":3}},"32":{"start":{"line":33,"column":0},"end":{"line":33,"column":73}},"33":{"start":{"line":34,"column":0},"end":{"line":34,"column":17}},"34":{"start":{"line":35,"column":0},"end":{"line":35,"column":23}},"35":{"start":{"line":36,"column":0},"end":{"line":36,"column":29}},"36":{"start":{"line":37,"column":0},"end":{"line":37,"column":23}},"37":{"start":{"line":38,"column":0},"end":{"line":38,"column":5}},"44":{"start":{"line":45,"column":0},"end":{"line":45,"column":84}},"45":{"start":{"line":46,"column":0},"end":{"line":46,"column":9}},"46":{"start":{"line":47,"column":0},"end":{"line":47,"column":15}},"47":{"start":{"line":48,"column":0},"end":{"line":48,"column":15}},"48":{"start":{"line":49,"column":0},"end":{"line":49,"column":5}},"56":{"start":{"line":57,"column":0},"end":{"line":57,"column":76}},"57":{"start":{"line":58,"column":0},"end":{"line":58,"column":52}},"58":{"start":{"line":59,"column":0},"end":{"line":59,"column":17}},"59":{"start":{"line":60,"column":0},"end":{"line":60,"column":3}},"61":{"start":{"line":62,"column":0},"end":{"line":62,"column":47}},"63":{"start":{"line":64,"column":0},"end":{"line":64,"column":10}},"64":{"start":{"line":65,"column":0},"end":{"line":65,"column":35}},"65":{"start":{"line":66,"column":0},"end":{"line":66,"column":38}},"66":{"start":{"line":67,"column":0},"end":{"line":67,"column":20}},"67":{"start":{"line":68,"column":0},"end":{"line":68,"column":42}},"69":{"start":{"line":70,"column":0},"end":{"line":70,"column":2}}},"s":{"0":1,"32":1,"33":11,"34":11,"35":11,"36":11,"37":11,"44":1,"45":2,"46":2,"47":2,"48":2,"56":1,"57":17,"58":5,"59":5,"61":12,"63":12,"64":12,"65":10,"66":9,"67":8,"69":17},"branchMap":{"0":{"type":"branch","line":33,"loc":{"start":{"line":33,"column":21},"end":{"line":38,"column":5}},"locations":[{"start":{"line":33,"column":21},"end":{"line":38,"column":5}}]},"1":{"type":"branch","line":45,"loc":{"start":{"line":45,"column":25},"end":{"line":49,"column":5}},"locations":[{"start":{"line":45,"column":25},"end":{"line":49,"column":5}}]},"2":{"type":"branch","line":57,"loc":{"start":{"line":57,"column":23},"end":{"line":70,"column":2}},"locations":[{"start":{"line":57,"column":23},"end":{"line":70,"column":2}}]},"3":{"type":"branch","line":58,"loc":{"start":{"line":58,"column":16},"end":{"line":58,"column":51}},"locations":[{"start":{"line":58,"column":16},"end":{"line":58,"column":51}}]},"4":{"type":"branch","line":58,"loc":{"start":{"line":58,"column":51},"end":{"line":65,"column":35}},"locations":[{"start":{"line":58,"column":51},"end":{"line":65,"column":35}}]},"5":{"type":"branch","line":58,"loc":{"start":{"line":58,"column":51},"end":{"line":60,"column":3}},"locations":[{"start":{"line":58,"column":51},"end":{"line":60,"column":3}}]},"6":{"type":"branch","line":65,"loc":{"start":{"line":65,"column":24},"end":{"line":66,"column":38}},"locations":[{"start":{"line":65,"column":24},"end":{"line":66,"column":38}}]},"7":{"type":"branch","line":66,"loc":{"start":{"line":66,"column":27},"end":{"line":67,"column":20}},"locations":[{"start":{"line":66,"column":27},"end":{"line":67,"column":20}}]},"8":{"type":"branch","line":67,"loc":{"start":{"line":67,"column":14},"end":{"line":68,"column":42}},"locations":[{"start":{"line":67,"column":14},"end":{"line":68,"column":42}}]}},"b":{"0":[11],"1":[2],"2":[17],"3":[16],"4":[12],"5":[5],"6":[10],"7":[9],"8":[8]},"fnMap":{"0":{"name":"cause","decl":{"start":{"line":33,"column":21},"end":{"line":38,"column":5}},"loc":{"start":{"line":33,"column":21},"end":{"line":38,"column":5}},"line":33},"1":{"name":"causeUnit","decl":{"start":{"line":45,"column":25},"end":{"line":49,"column":5}},"loc":{"start":{"line":45,"column":25},"end":{"line":49,"column":5}},"line":45},"2":{"name":"isCause","decl":{"start":{"line":57,"column":23},"end":{"line":70,"column":2}},"loc":{"start":{"line":57,"column":23},"end":{"line":70,"column":2}},"line":57}},"f":{"0":11,"1":2,"2":17}}
,"C:\\Users\\dpereira\\Documents\\github\\core\\core\\packages\\core\\src\\exception.ts": {"path":"C:\\Users\\dpereira\\Documents\\github\\core\\core\\packages\\core\\src\\exception.ts","all":false,"statementMap":{"0":{"start":{"line":1,"column":0},"end":{"line":1,"column":3}},"34":{"start":{"line":35,"column":0},"end":{"line":35,"column":84}},"35":{"start":{"line":36,"column":0},"end":{"line":36,"column":36}},"36":{"start":{"line":37,"column":0},"end":{"line":37,"column":24}},"37":{"start":{"line":38,"column":0},"end":{"line":38,"column":23}},"38":{"start":{"line":39,"column":0},"end":{"line":39,"column":29}},"39":{"start":{"line":40,"column":0},"end":{"line":40,"column":20}},"40":{"start":{"line":41,"column":0},"end":{"line":41,"column":46}},"41":{"start":{"line":42,"column":0},"end":{"line":42,"column":5}},"42":{"start":{"line":43,"column":0},"end":{"line":43,"column":2}},"49":{"start":{"line":50,"column":0},"end":{"line":50,"column":45}},"50":{"start":{"line":51,"column":0},"end":{"line":51,"column":45}},"52":{"start":{"line":53,"column":0},"end":{"line":53,"column":13}},"53":{"start":{"line":54,"column":0},"end":{"line":54,"column":15}},"54":{"start":{"line":55,"column":0},"end":{"line":55,"column":29}},"55":{"start":{"line":56,"column":0},"end":{"line":56,"column":5}},"62":{"start":{"line":63,"column":0},"end":{"line":63,"column":40}},"67":{"start":{"line":68,"column":0},"end":{"line":68,"column":13}},"68":{"start":{"line":69,"column":0},"end":{"line":69,"column":23}},"69":{"start":{"line":70,"column":0},"end":{"line":70,"column":29}},"70":{"start":{"line":71,"column":0},"end":{"line":71,"column":15}},"71":{"start":{"line":72,"column":0},"end":{"line":72,"column":25}},"72":{"start":{"line":73,"column":0},"end":{"line":73,"column":5}},"80":{"start":{"line":81,"column":0},"end":{"line":81,"column":81}},"81":{"start":{"line":82,"column":0},"end":{"line":82,"column":52}},"82":{"start":{"line":83,"column":0},"end":{"line":83,"column":17}},"83":{"start":{"line":84,"column":0},"end":{"line":84,"column":3}},"85":{"start":{"line":86,"column":0},"end":{"line":86,"column":47}},"87":{"start":{"line":88,"column":0},"end":{"line":88,"column":10}},"88":{"start":{"line":89,"column":0},"end":{"line":89,"column":35}},"89":{"start":{"line":90,"column":0},"end":{"line":90,"column":38}},"90":{"start":{"line":91,"column":0},"end":{"line":91,"column":20}},"91":{"start":{"line":92,"column":0},"end":{"line":92,"column":18}},"93":{"start":{"line":94,"column":0},"end":{"line":94,"column":2}}},"s":{"0":1,"34":1,"35":13,"36":13,"37":13,"38":13,"39":13,"40":13,"41":13,"42":13,"49":1,"50":1,"52":1,"53":1,"54":1,"55":1,"62":1,"67":1,"68":1,"69":1,"70":1,"71":1,"72":1,"80":1,"81":17,"82":5,"83":5,"85":12,"87":12,"88":12,"89":10,"90":9,"91":8,"93":17},"branchMap":{"0":{"type":"branch","line":35,"loc":{"start":{"line":35,"column":25},"end":{"line":43,"column":2}},"locations":[{"start":{"line":35,"column":25},"end":{"line":43,"column":2}}]},"1":{"type":"branch","line":36,"loc":{"start":{"line":36,"column":23},"end":{"line":36,"column":36}},"locations":[{"start":{"line":36,"column":23},"end":{"line":36,"column":36}}]},"2":{"type":"branch","line":41,"loc":{"start":{"line":41,"column":19},"end":{"line":41,"column":46}},"locations":[{"start":{"line":41,"column":19},"end":{"line":41,"column":46}}]},"3":{"type":"branch","line":50,"loc":{"start":{"line":50,"column":34},"end":{"line":56,"column":5}},"locations":[{"start":{"line":50,"column":34},"end":{"line":56,"column":5}}]},"4":{"type":"branch","line":63,"loc":{"start":{"line":63,"column":29},"end":{"line":73,"column":5}},"locations":[{"start":{"line":63,"column":29},"end":{"line":73,"column":5}}]},"5":{"type":"branch","line":81,"loc":{"start":{"line":81,"column":27},"end":{"line":94,"column":2}},"locations":[{"start":{"line":81,"column":27},"end":{"line":94,"column":2}}]},"6":{"type":"branch","line":82,"loc":{"start":{"line":82,"column":16},"end":{"line":82,"column":51}},"locations":[{"start":{"line":82,"column":16},"end":{"line":82,"column":51}}]},"7":{"type":"branch","line":82,"loc":{"start":{"line":82,"column":51},"end":{"line":84,"column":3}},"locations":[{"start":{"line":82,"column":51},"end":{"line":84,"column":3}}]},"8":{"type":"branch","line":84,"loc":{"start":{"line":84,"column":2},"end":{"line":89,"column":35}},"locations":[{"start":{"line":84,"column":2},"end":{"line":89,"column":35}}]},"9":{"type":"branch","line":89,"loc":{"start":{"line":89,"column":24},"end":{"line":90,"column":38}},"locations":[{"start":{"line":89,"column":24},"end":{"line":90,"column":38}}]},"10":{"type":"branch","line":90,"loc":{"start":{"line":90,"column":27},"end":{"line":91,"column":20}},"locations":[{"start":{"line":90,"column":27},"end":{"line":91,"column":20}}]},"11":{"type":"branch","line":91,"loc":{"start":{"line":91,"column":14},"end":{"line":92,"column":18}},"locations":[{"start":{"line":91,"column":14},"end":{"line":92,"column":18}}]}},"b":{"0":[13],"1":[8],"2":[11],"3":[1],"4":[1],"5":[17],"6":[16],"7":[5],"8":[12],"9":[10],"10":[9],"11":[8]},"fnMap":{"0":{"name":"exception","decl":{"start":{"line":35,"column":25},"end":{"line":43,"column":2}},"loc":{"start":{"line":35,"column":25},"end":{"line":43,"column":2}},"line":35},"1":{"name":"exceptionWithStack","decl":{"start":{"line":50,"column":34},"end":{"line":56,"column":5}},"loc":{"start":{"line":50,"column":34},"end":{"line":56,"column":5}},"line":50},"2":{"name":"exceptionUnit","decl":{"start":{"line":63,"column":29},"end":{"line":73,"column":5}},"loc":{"start":{"line":63,"column":29},"end":{"line":73,"column":5}},"line":63},"3":{"name":"isException","decl":{"start":{"line":81,"column":27},"end":{"line":94,"column":2}},"loc":{"start":{"line":81,"column":27},"end":{"line":94,"column":2}},"line":81}},"f":{"0":13,"1":1,"2":1,"3":17}}
,"C:\\Users\\dpereira\\Documents\\github\\core\\core\\packages\\core\\src\\outcome.ts": {"path":"C:\\Users\\dpereira\\Documents\\github\\core\\core\\packages\\core\\src\\outcome.ts","all":false,"statementMap":{"0":{"start":{"line":1,"column":0},"end":{"line":1,"column":3}},"28":{"start":{"line":29,"column":0},"end":{"line":29,"column":73}},"36":{"start":{"line":37,"column":0},"end":{"line":37,"column":45}},"40":{"start":{"line":41,"column":0},"end":{"line":41,"column":37}},"47":{"start":{"line":48,"column":0},"end":{"line":48,"column":36}},"50":{"start":{"line":51,"column":0},"end":{"line":51,"column":44}},"58":{"start":{"line":59,"column":0},"end":{"line":59,"column":46}},"63":{"start":{"line":64,"column":0},"end":{"line":64,"column":45}},"70":{"start":{"line":71,"column":0},"end":{"line":71,"column":40}},"74":{"start":{"line":75,"column":0},"end":{"line":75,"column":52}}},"s":{"0":1,"28":1,"36":1,"40":3,"47":1,"50":1,"58":1,"63":4,"70":1,"74":1},"branchMap":{"0":{"type":"branch","line":29,"loc":{"start":{"line":29,"column":23},"end":{"line":29,"column":73}},"locations":[{"start":{"line":29,"column":23},"end":{"line":29,"column":73}}]},"1":{"type":"branch","line":37,"loc":{"start":{"line":37,"column":21},"end":{"line":41,"column":37}},"locations":[{"start":{"line":37,"column":21},"end":{"line":41,"column":37}}]},"2":{"type":"branch","line":48,"loc":{"start":{"line":48,"column":25},"end":{"line":51,"column":44}},"locations":[{"start":{"line":48,"column":25},"end":{"line":51,"column":44}}]},"3":{"type":"branch","line":59,"loc":{"start":{"line":59,"column":25},"end":{"line":64,"column":45}},"locations":[{"start":{"line":59,"column":25},"end":{"line":64,"column":45}}]},"4":{"type":"branch","line":71,"loc":{"start":{"line":71,"column":29},"end":{"line":75,"column":52}},"locations":[{"start":{"line":71,"column":29},"end":{"line":75,"column":52}}]}},"b":{"0":[2],"1":[3],"2":[1],"3":[4],"4":[1]},"fnMap":{"0":{"name":"success","decl":{"start":{"line":29,"column":23},"end":{"line":29,"column":73}},"loc":{"start":{"line":29,"column":23},"end":{"line":29,"column":73}},"line":29},"1":{"name":"cause","decl":{"start":{"line":37,"column":21},"end":{"line":41,"column":37}},"loc":{"start":{"line":37,"column":21},"end":{"line":41,"column":37}},"line":37},"2":{"name":"causeUnit","decl":{"start":{"line":48,"column":25},"end":{"line":51,"column":44}},"loc":{"start":{"line":48,"column":25},"end":{"line":51,"column":44}},"line":48},"3":{"name":"exception","decl":{"start":{"line":59,"column":25},"end":{"line":64,"column":45}},"loc":{"start":{"line":59,"column":25},"end":{"line":64,"column":45}},"line":59},"4":{"name":"exceptionUnit","decl":{"start":{"line":71,"column":29},"end":{"line":75,"column":52}},"loc":{"start":{"line":71,"column":29},"end":{"line":75,"column":52}},"line":71}},"f":{"0":2,"1":3,"2":1,"3":4,"4":1}}
,"C:\\Users\\dpereira\\Documents\\github\\core\\core\\packages\\core\\src\\success.ts": {"path":"C:\\Users\\dpereira\\Documents\\github\\core\\core\\packages\\core\\src\\success.ts","all":false,"statementMap":{"0":{"start":{"line":1,"column":0},"end":{"line":1,"column":3}},"20":{"start":{"line":21,"column":0},"end":{"line":21,"column":51}},"21":{"start":{"line":22,"column":0},"end":{"line":22,"column":17}},"22":{"start":{"line":23,"column":0},"end":{"line":23,"column":13}},"23":{"start":{"line":24,"column":0},"end":{"line":24,"column":10}},"24":{"start":{"line":25,"column":0},"end":{"line":25,"column":5}},"30":{"start":{"line":31,"column":0},"end":{"line":31,"column":62}},"38":{"start":{"line":39,"column":0},"end":{"line":39,"column":35}},"39":{"start":{"line":40,"column":0},"end":{"line":40,"column":51}},"40":{"start":{"line":41,"column":0},"end":{"line":41,"column":46}}},"s":{"0":1,"20":1,"21":10,"22":10,"23":10,"24":10,"30":1,"38":1,"39":9,"40":9},"branchMap":{"0":{"type":"branch","line":21,"loc":{"start":{"line":21,"column":23},"end":{"line":25,"column":5}},"locations":[{"start":{"line":21,"column":23},"end":{"line":25,"column":5}}]},"1":{"type":"branch","line":31,"loc":{"start":{"line":31,"column":27},"end":{"line":31,"column":62}},"locations":[{"start":{"line":31,"column":27},"end":{"line":31,"column":62}}]},"2":{"type":"branch","line":39,"loc":{"start":{"line":39,"column":25},"end":{"line":41,"column":46}},"locations":[{"start":{"line":39,"column":25},"end":{"line":41,"column":46}}]}},"b":{"0":[10],"1":[1],"2":[9]},"fnMap":{"0":{"name":"success","decl":{"start":{"line":21,"column":23},"end":{"line":25,"column":5}},"loc":{"start":{"line":21,"column":23},"end":{"line":25,"column":5}},"line":21},"1":{"name":"successUnit","decl":{"start":{"line":31,"column":27},"end":{"line":31,"column":62}},"loc":{"start":{"line":31,"column":27},"end":{"line":31,"column":62}},"line":31},"2":{"name":"isSuccess","decl":{"start":{"line":39,"column":25},"end":{"line":41,"column":46}},"loc":{"start":{"line":39,"column":25},"end":{"line":41,"column":46}},"line":39}},"f":{"0":10,"1":1,"2":9}}
,"C:\\Users\\dpereira\\Documents\\github\\core\\core\\packages\\core\\src\\unit.ts": {"path":"C:\\Users\\dpereira\\Documents\\github\\core\\core\\packages\\core\\src\\unit.ts","all":false,"statementMap":{"6":{"start":{"line":7,"column":0},"end":{"line":7,"column":34}},"16":{"start":{"line":17,"column":0},"end":{"line":17,"column":78}},"21":{"start":{"line":22,"column":0},"end":{"line":22,"column":56}},"22":{"start":{"line":23,"column":0},"end":{"line":23,"column":17}}},"s":{"6":1,"16":1,"21":1,"22":6},"branchMap":{"0":{"type":"branch","line":22,"loc":{"start":{"line":22,"column":22},"end":{"line":23,"column":17}},"locations":[{"start":{"line":22,"column":22},"end":{"line":23,"column":17}}]}},"b":{"0":[6]},"fnMap":{"0":{"name":"isUnit","decl":{"start":{"line":22,"column":22},"end":{"line":23,"column":17}},"loc":{"start":{"line":22,"column":22},"end":{"line":23,"column":17}},"line":22}},"f":{"0":6}}
}
